<?xml version="1.0" ?>
<coverage branch-rate="0" branches-covered="0" branches-valid="224" complexity="0" line-rate="0" lines-covered="0" lines-valid="531" timestamp="1640772137280" version="6.2">
	<!-- Generated by coverage.py: https://coverage.readthedocs.io -->
	<!-- Based on https://raw.githubusercontent.com/cobertura/web/master/htdocs/xml/coverage-04.dtd -->
	<sources>
		<source>/hus/home/eran/src/image_data.py/git/imagedata_registration/src/imagedata_registration</source>
	</sources>
	<packages>
		<package branch-rate="0" complexity="0" line-rate="0" name=".">
			<classes>
				<class branch-rate="0" complexity="0" filename="__init__.py" line-rate="0" name="__init__.py">
					<methods/>
					<lines>
						<line hits="0" number="3"/>
						<line hits="0" number="5"/>
						<line hits="0" number="7"/>
						<line hits="0" number="8"/>
						<line hits="0" number="9"/>
						<line branch="true" condition-coverage="0% (0/2)" hits="0" missing-branches="11,13" number="10"/>
						<line hits="0" number="11"/>
						<line hits="0" number="12"/>
						<line hits="0" number="13"/>
						<line hits="0" number="14"/>
						<line hits="0" number="15"/>
						<line hits="0" number="16"/>
						<line hits="0" number="17"/>
						<line hits="0" number="19"/>
						<line hits="0" number="20"/>
					</lines>
				</class>
				<class branch-rate="0" complexity="0" filename="biffplugin.py" line-rate="0" name="biffplugin.py">
					<methods/>
					<lines>
						<line hits="0" number="7"/>
						<line hits="0" number="8"/>
						<line hits="0" number="9"/>
						<line hits="0" number="10"/>
						<line hits="0" number="12"/>
						<line hits="0" number="13"/>
						<line hits="0" number="14"/>
						<line branch="true" condition-coverage="0% (0/2)" hits="0" missing-branches="18,23" number="17"/>
						<line hits="0" number="20"/>
						<line branch="true" condition-coverage="0% (0/2)" hits="0" missing-branches="24,29" number="23"/>
						<line hits="0" number="26"/>
						<line branch="true" condition-coverage="0% (0/2)" hits="0" missing-branches="30,35" number="29"/>
						<line hits="0" number="32"/>
						<line branch="true" condition-coverage="0% (0/2)" hits="0" missing-branches="36,41" number="35"/>
						<line hits="0" number="38"/>
						<line branch="true" condition-coverage="0% (0/2)" hits="0" missing-branches="exit,42" number="41"/>
						<line hits="0" number="44"/>
						<line hits="0" number="45"/>
						<line hits="0" number="46"/>
						<line hits="0" number="47"/>
						<line hits="0" number="48"/>
						<line hits="0" number="50"/>
						<line hits="0" number="51"/>
						<line hits="0" number="52"/>
						<line hits="0" number="54"/>
						<line hits="0" number="55"/>
						<line hits="0" number="56"/>
						<line hits="0" number="57"/>
						<line hits="0" number="58"/>
						<line hits="0" number="59"/>
						<line hits="0" number="60"/>
						<line hits="0" number="61"/>
						<line hits="0" number="62"/>
						<line hits="0" number="63"/>
						<line hits="0" number="64"/>
						<line hits="0" number="65"/>
						<line hits="0" number="66"/>
						<line hits="0" number="67"/>
						<line hits="0" number="68"/>
						<line hits="0" number="69"/>
						<line hits="0" number="70"/>
						<line hits="0" number="71"/>
						<line hits="0" number="72"/>
						<line hits="0" number="73"/>
						<line hits="0" number="74"/>
						<line hits="0" number="75"/>
						<line hits="0" number="76"/>
						<line hits="0" number="77"/>
						<line hits="0" number="78"/>
						<line hits="0" number="79"/>
						<line hits="0" number="80"/>
						<line hits="0" number="81"/>
						<line hits="0" number="82"/>
						<line hits="0" number="83"/>
						<line hits="0" number="84"/>
						<line hits="0" number="85"/>
						<line hits="0" number="88"/>
						<line hits="0" number="105"/>
						<line hits="0" number="106"/>
						<line hits="0" number="107"/>
						<line hits="0" number="108"/>
						<line hits="0" number="109"/>
						<line hits="0" number="110"/>
						<line hits="0" number="112"/>
						<line hits="0" number="113"/>
						<line hits="0" number="114"/>
						<line branch="true" condition-coverage="0% (0/2)" hits="0" missing-branches="116,117" number="115"/>
						<line hits="0" number="116"/>
						<line hits="0" number="117"/>
						<line hits="0" number="118"/>
						<line hits="0" number="119"/>
						<line branch="true" condition-coverage="0% (0/2)" hits="0" missing-branches="121,129" number="120"/>
						<line hits="0" number="121"/>
						<line branch="true" condition-coverage="0% (0/2)" hits="0" missing-branches="123,124" number="122"/>
						<line hits="0" number="123"/>
						<line hits="0" number="124"/>
						<line branch="true" condition-coverage="0% (0/2)" hits="0" missing-branches="126,130" number="125"/>
						<line hits="0" number="126"/>
						<line hits="0" number="129"/>
						<line hits="0" number="130"/>
						<line hits="0" number="135"/>
						<line hits="0" number="136"/>
						<line branch="true" condition-coverage="0% (0/2)" hits="0" missing-branches="138,144" number="137"/>
						<line hits="0" number="138"/>
						<line branch="true" condition-coverage="0% (0/2)" hits="0" missing-branches="140,151" number="139"/>
						<line branch="true" condition-coverage="0% (0/2)" hits="0" missing-branches="139,141" number="140"/>
						<line hits="0" number="141"/>
						<line hits="0" number="142"/>
						<line hits="0" number="144"/>
						<line branch="true" condition-coverage="0% (0/2)" hits="0" missing-branches="146,151" number="145"/>
						<line branch="true" condition-coverage="0% (0/2)" hits="0" missing-branches="145,147" number="146"/>
						<line hits="0" number="147"/>
						<line branch="true" condition-coverage="0% (0/2)" hits="0" missing-branches="149,150" number="148"/>
						<line hits="0" number="149"/>
						<line hits="0" number="150"/>
						<line branch="true" condition-coverage="0% (0/2)" hits="0" missing-branches="152,153" number="151"/>
						<line hits="0" number="152"/>
						<line hits="0" number="153"/>
						<line hits="0" number="155"/>
						<line hits="0" number="167"/>
						<line hits="0" number="168"/>
						<line hits="0" number="169"/>
						<line hits="0" number="170"/>
						<line hits="0" number="171"/>
						<line hits="0" number="176"/>
						<line branch="true" condition-coverage="0% (0/2)" hits="0" missing-branches="183,189" number="182"/>
						<line hits="0" number="183"/>
						<line hits="0" number="184"/>
						<line branch="true" condition-coverage="0% (0/2)" hits="0" missing-branches="190,196" number="189"/>
						<line hits="0" number="190"/>
						<line hits="0" number="191"/>
						<line hits="0" number="196"/>
						<line hits="0" number="197"/>
						<line branch="true" condition-coverage="0% (0/2)" hits="0" missing-branches="exit,199" number="198"/>
						<line branch="true" condition-coverage="0% (0/2)" hits="0" missing-branches="exit,198" number="199"/>
						<line hits="0" number="201"/>
						<line branch="true" condition-coverage="0% (0/2)" hits="0" missing-branches="215,218" number="214"/>
						<line hits="0" number="215"/>
						<line hits="0" number="218"/>
						<line hits="0" number="219"/>
						<line branch="true" condition-coverage="0% (0/2)" hits="0" missing-branches="221,222" number="220"/>
						<line hits="0" number="221"/>
						<line hits="0" number="222"/>
						<line hits="0" number="223"/>
						<line hits="0" number="224"/>
						<line hits="0" number="226"/>
						<line hits="0" number="227"/>
						<line hits="0" number="228"/>
						<line hits="0" number="229"/>
						<line hits="0" number="230"/>
						<line hits="0" number="231"/>
						<line branch="true" condition-coverage="0% (0/2)" hits="0" missing-branches="233,235" number="232"/>
						<line hits="0" number="233"/>
						<line hits="0" number="235"/>
						<line hits="0" number="243"/>
						<line hits="0" number="250"/>
						<line hits="0" number="251"/>
						<line hits="0" number="252"/>
						<line hits="0" number="253"/>
						<line branch="true" condition-coverage="0% (0/2)" hits="0" missing-branches="257,260" number="256"/>
						<line hits="0" number="257"/>
						<line hits="0" number="260"/>
						<line hits="0" number="261"/>
						<line hits="0" number="263"/>
						<line branch="true" condition-coverage="0% (0/2)" hits="0" missing-branches="265,267" number="264"/>
						<line hits="0" number="265"/>
						<line hits="0" number="267"/>
						<line hits="0" number="268"/>
						<line hits="0" number="269"/>
						<line hits="0" number="271"/>
						<line branch="true" condition-coverage="0% (0/2)" hits="0" missing-branches="273,274" number="272"/>
						<line hits="0" number="273"/>
						<line hits="0" number="274"/>
						<line hits="0" number="275"/>
						<line hits="0" number="277"/>
						<line branch="true" condition-coverage="0% (0/2)" hits="0" missing-branches="279,281" number="278"/>
						<line hits="0" number="279"/>
						<line branch="true" condition-coverage="0% (0/2)" hits="0" missing-branches="282,284" number="281"/>
						<line hits="0" number="282"/>
						<line hits="0" number="283"/>
						<line hits="0" number="284"/>
						<line hits="0" number="285"/>
						<line hits="0" number="287"/>
						<line branch="true" condition-coverage="0% (0/2)" hits="0" missing-branches="301,304" number="300"/>
						<line hits="0" number="301"/>
						<line hits="0" number="304"/>
						<line hits="0" number="305"/>
						<line branch="true" condition-coverage="0% (0/2)" hits="0" missing-branches="307,308" number="306"/>
						<line hits="0" number="307"/>
						<line hits="0" number="308"/>
						<line hits="0" number="309"/>
						<line hits="0" number="311"/>
						<line hits="0" number="312"/>
						<line hits="0" number="313"/>
						<line hits="0" number="314"/>
						<line hits="0" number="315"/>
						<line hits="0" number="318"/>
						<line branch="true" condition-coverage="0% (0/2)" hits="0" missing-branches="320,325" number="319"/>
						<line hits="0" number="320"/>
						<line branch="true" condition-coverage="0% (0/2)" hits="0" missing-branches="326,328" number="325"/>
						<line hits="0" number="326"/>
						<line hits="0" number="328"/>
						<line hits="0" number="329"/>
						<line branch="true" condition-coverage="0% (0/2)" hits="0" missing-branches="331,334" number="330"/>
						<line hits="0" number="331"/>
						<line branch="true" condition-coverage="0% (0/2)" hits="0" missing-branches="335,342" number="334"/>
						<line hits="0" number="335"/>
						<line hits="0" number="342"/>
						<line branch="true" condition-coverage="0% (0/2)" hits="0" missing-branches="344,345" number="343"/>
						<line hits="0" number="344"/>
						<line branch="true" condition-coverage="0% (0/2)" hits="0" missing-branches="346,348" number="345"/>
						<line hits="0" number="346"/>
						<line hits="0" number="348"/>
						<line branch="true" condition-coverage="0% (0/2)" hits="0" missing-branches="353,355" number="352"/>
						<line hits="0" number="353"/>
						<line hits="0" number="355"/>
						<line hits="0" number="356"/>
						<line hits="0" number="358"/>
						<line branch="true" condition-coverage="0% (0/2)" hits="0" missing-branches="360,362" number="359"/>
						<line hits="0" number="360"/>
						<line hits="0" number="362"/>
						<line hits="0" number="363"/>
						<line hits="0" number="364"/>
						<line branch="true" condition-coverage="0% (0/2)" hits="0" missing-branches="367,391" number="366"/>
						<line hits="0" number="367"/>
						<line hits="0" number="368"/>
						<line hits="0" number="369"/>
						<line hits="0" number="370"/>
						<line branch="true" condition-coverage="0% (0/2)" hits="0" missing-branches="373,374" number="372"/>
						<line hits="0" number="373"/>
						<line hits="0" number="374"/>
						<line hits="0" number="375"/>
						<line hits="0" number="376"/>
						<line hits="0" number="377"/>
						<line branch="true" condition-coverage="0% (0/2)" hits="0" missing-branches="379,384" number="378"/>
						<line branch="true" condition-coverage="0% (0/2)" hits="0" missing-branches="380,388" number="379"/>
						<line branch="true" condition-coverage="0% (0/2)" hits="0" missing-branches="379,381" number="380"/>
						<line hits="0" number="381"/>
						<line hits="0" number="382"/>
						<line branch="true" condition-coverage="0% (0/2)" hits="0" missing-branches="385,388" number="384"/>
						<line branch="true" condition-coverage="0% (0/2)" hits="0" missing-branches="384,386" number="385"/>
						<line hits="0" number="386"/>
						<line hits="0" number="387"/>
						<line hits="0" number="388"/>
						<line hits="0" number="389"/>
						<line branch="true" condition-coverage="0% (0/2)" hits="0" missing-branches="392,408" number="391"/>
						<line hits="0" number="392"/>
						<line branch="true" condition-coverage="0% (0/2)" hits="0" missing-branches="exit,394" number="393"/>
						<line hits="0" number="394"/>
						<line branch="true" condition-coverage="0% (0/2)" hits="0" missing-branches="397,398" number="396"/>
						<line hits="0" number="397"/>
						<line hits="0" number="398"/>
						<line hits="0" number="399"/>
						<line hits="0" number="400"/>
						<line hits="0" number="401"/>
						<line branch="true" condition-coverage="0% (0/2)" hits="0" missing-branches="403,405" number="402"/>
						<line hits="0" number="403"/>
						<line hits="0" number="404"/>
						<line hits="0" number="405"/>
						<line hits="0" number="406"/>
						<line hits="0" number="408"/>
						<line branch="true" condition-coverage="0% (0/2)" hits="0" missing-branches="exit,410" number="409"/>
						<line hits="0" number="410"/>
						<line branch="true" condition-coverage="0% (0/2)" hits="0" missing-branches="414,415" number="413"/>
						<line hits="0" number="414"/>
						<line hits="0" number="415"/>
						<line hits="0" number="416"/>
						<line hits="0" number="417"/>
						<line hits="0" number="418"/>
						<line branch="true" condition-coverage="0% (0/2)" hits="0" missing-branches="420,422" number="419"/>
						<line hits="0" number="420"/>
						<line hits="0" number="421"/>
						<line hits="0" number="422"/>
						<line hits="0" number="423"/>
						<line hits="0" number="425"/>
						<line hits="0" number="437"/>
						<line branch="true" condition-coverage="0% (0/2)" hits="0" missing-branches="439,440" number="438"/>
						<line hits="0" number="439"/>
						<line branch="true" condition-coverage="0% (0/2)" hits="0" missing-branches="441,442" number="440"/>
						<line hits="0" number="441"/>
						<line branch="true" condition-coverage="0% (0/2)" hits="0" missing-branches="443,444" number="442"/>
						<line hits="0" number="443"/>
						<line branch="true" condition-coverage="0% (0/2)" hits="0" missing-branches="445,446" number="444"/>
						<line hits="0" number="445"/>
						<line branch="true" condition-coverage="0% (0/2)" hits="0" missing-branches="447,448" number="446"/>
						<line hits="0" number="447"/>
						<line branch="true" condition-coverage="0% (0/2)" hits="0" missing-branches="449,450" number="448"/>
						<line hits="0" number="449"/>
						<line branch="true" condition-coverage="0% (0/2)" hits="0" missing-branches="451,452" number="450"/>
						<line hits="0" number="451"/>
						<line branch="true" condition-coverage="0% (0/2)" hits="0" missing-branches="453,454" number="452"/>
						<line hits="0" number="453"/>
						<line branch="true" condition-coverage="0% (0/2)" hits="0" missing-branches="455,456" number="454"/>
						<line hits="0" number="455"/>
						<line branch="true" condition-coverage="0% (0/2)" hits="0" missing-branches="457,458" number="456"/>
						<line hits="0" number="457"/>
						<line branch="true" condition-coverage="0% (0/2)" hits="0" missing-branches="459,460" number="458"/>
						<line hits="0" number="459"/>
						<line branch="true" condition-coverage="0% (0/2)" hits="0" missing-branches="461,462" number="460"/>
						<line hits="0" number="461"/>
						<line branch="true" condition-coverage="0% (0/2)" hits="0" missing-branches="463,465" number="462"/>
						<line hits="0" number="463"/>
						<line hits="0" number="465"/>
						<line hits="0" number="467"/>
						<line branch="true" condition-coverage="0% (0/2)" hits="0" missing-branches="477,478" number="476"/>
						<line hits="0" number="477"/>
						<line branch="true" condition-coverage="0% (0/2)" hits="0" missing-branches="479,480" number="478"/>
						<line hits="0" number="479"/>
						<line branch="true" condition-coverage="0% (0/2)" hits="0" missing-branches="481,482" number="480"/>
						<line hits="0" number="481"/>
						<line branch="true" condition-coverage="0% (0/2)" hits="0" missing-branches="483,484" number="482"/>
						<line hits="0" number="483"/>
						<line branch="true" condition-coverage="0% (0/2)" hits="0" missing-branches="485,486" number="484"/>
						<line hits="0" number="485"/>
						<line branch="true" condition-coverage="0% (0/2)" hits="0" missing-branches="487,488" number="486"/>
						<line hits="0" number="487"/>
						<line branch="true" condition-coverage="0% (0/2)" hits="0" missing-branches="489,490" number="488"/>
						<line hits="0" number="489"/>
						<line branch="true" condition-coverage="0% (0/2)" hits="0" missing-branches="491,492" number="490"/>
						<line hits="0" number="491"/>
						<line branch="true" condition-coverage="0% (0/2)" hits="0" missing-branches="493,495" number="492"/>
						<line hits="0" number="493"/>
						<line hits="0" number="495"/>
						<line hits="0" number="497"/>
						<line hits="0" number="507"/>
						<line hits="0" number="509"/>
						<line branch="true" condition-coverage="0% (0/2)" hits="0" missing-branches="512,515" number="510"/>
						<line hits="0" number="512"/>
						<line hits="0" number="513"/>
						<line hits="0" number="514"/>
						<line branch="true" condition-coverage="0% (0/2)" hits="0" missing-branches="519,523" number="515"/>
						<line hits="0" number="519"/>
						<line hits="0" number="520"/>
						<line hits="0" number="521"/>
						<line hits="0" number="523"/>
						<line hits="0" number="525"/>
						<line hits="0" number="537"/>
						<line hits="0" number="538"/>
						<line branch="true" condition-coverage="0% (0/2)" hits="0" missing-branches="541,543" number="540"/>
						<line hits="0" number="541"/>
						<line hits="0" number="542"/>
						<line hits="0" number="543"/>
						<line hits="0" number="544"/>
						<line hits="0" number="545"/>
						<line branch="true" condition-coverage="0% (0/2)" hits="0" missing-branches="552,553" number="551"/>
						<line hits="0" number="552"/>
						<line hits="0" number="553"/>
						<line hits="0" number="554"/>
						<line hits="0" number="555"/>
						<line hits="0" number="556"/>
						<line hits="0" number="557"/>
						<line hits="0" number="558"/>
						<line hits="0" number="561"/>
						<line hits="0" number="562"/>
						<line hits="0" number="563"/>
						<line hits="0" number="564"/>
						<line hits="0" number="565"/>
						<line hits="0" number="567"/>
						<line hits="0" number="568"/>
						<line hits="0" number="569"/>
						<line hits="0" number="570"/>
						<line hits="0" number="572"/>
						<line branch="true" condition-coverage="0% (0/2)" hits="0" missing-branches="575,591" number="574"/>
						<line hits="0" number="575"/>
						<line hits="0" number="576"/>
						<line hits="0" number="577"/>
						<line branch="true" condition-coverage="0% (0/2)" hits="0" missing-branches="580,581" number="579"/>
						<line hits="0" number="580"/>
						<line hits="0" number="581"/>
						<line hits="0" number="582"/>
						<line hits="0" number="583"/>
						<line hits="0" number="585"/>
						<line hits="0" number="589"/>
						<line hits="0" number="591"/>
						<line branch="true" condition-coverage="0% (0/2)" hits="0" missing-branches="593,595" number="592"/>
						<line hits="0" number="593"/>
						<line hits="0" number="595"/>
						<line hits="0" number="597"/>
						<line hits="0" number="608"/>
						<line hits="0" number="622"/>
						<line hits="0" number="624"/>
						<line branch="true" condition-coverage="0% (0/2)" hits="0" missing-branches="638,642" number="637"/>
						<line hits="0" number="638"/>
						<line hits="0" number="642"/>
						<line branch="true" condition-coverage="0% (0/2)" hits="0" missing-branches="644,648" number="643"/>
						<line hits="0" number="644"/>
						<line hits="0" number="648"/>
						<line hits="0" number="649"/>
						<line hits="0" number="650"/>
						<line hits="0" number="651"/>
						<line hits="0" number="652"/>
						<line branch="true" condition-coverage="0% (0/2)" hits="0" missing-branches="657,659" number="656"/>
						<line hits="0" number="657"/>
						<line hits="0" number="658"/>
						<line hits="0" number="659"/>
						<line hits="0" number="660"/>
						<line hits="0" number="661"/>
						<line hits="0" number="662"/>
						<line branch="true" condition-coverage="0% (0/2)" hits="0" missing-branches="664,665" number="663"/>
						<line hits="0" number="664"/>
						<line hits="0" number="665"/>
						<line branch="true" condition-coverage="0% (0/2)" hits="0" missing-branches="669,672" number="668"/>
						<line hits="0" number="669"/>
						<line hits="0" number="672"/>
						<line hits="0" number="677"/>
						<line hits="0" number="678"/>
						<line branch="true" condition-coverage="0% (0/2)" hits="0" missing-branches="681,684" number="679"/>
						<line hits="0" number="681"/>
						<line hits="0" number="682"/>
						<line hits="0" number="684"/>
						<line hits="0" number="686"/>
						<line hits="0" number="688"/>
						<line branch="true" condition-coverage="0% (0/2)" hits="0" missing-branches="692,693" number="691"/>
						<line hits="0" number="692"/>
						<line hits="0" number="693"/>
						<line hits="0" number="694"/>
						<line hits="0" number="695"/>
						<line hits="0" number="697"/>
						<line hits="0" number="700"/>
						<line hits="0" number="701"/>
						<line hits="0" number="702"/>
						<line hits="0" number="704"/>
						<line hits="0" number="706"/>
						<line hits="0" number="707"/>
						<line branch="true" condition-coverage="0% (0/2)" hits="0" missing-branches="709,712" number="708"/>
						<line hits="0" number="709"/>
						<line hits="0" number="710"/>
						<line hits="0" number="712"/>
						<line hits="0" number="713"/>
						<line hits="0" number="715"/>
						<line branch="true" condition-coverage="0% (0/2)" hits="0" missing-branches="717,718" number="716"/>
						<line hits="0" number="717"/>
						<line hits="0" number="718"/>
						<line branch="true" condition-coverage="0% (0/2)" hits="0" missing-branches="720,722" number="719"/>
						<line branch="true" condition-coverage="0% (0/2)" hits="0" missing-branches="719,721" number="720"/>
						<line hits="0" number="721"/>
						<line hits="0" number="722"/>
						<line hits="0" number="724"/>
						<line branch="true" condition-coverage="0% (0/2)" hits="0" missing-branches="726,727" number="725"/>
						<line hits="0" number="726"/>
						<line hits="0" number="727"/>
						<line branch="true" condition-coverage="0% (0/2)" hits="0" missing-branches="729,731" number="728"/>
						<line branch="true" condition-coverage="0% (0/2)" hits="0" missing-branches="728,730" number="729"/>
						<line hits="0" number="730"/>
						<line hits="0" number="731"/>
						<line hits="0" number="733"/>
						<line branch="true" condition-coverage="0% (0/2)" hits="0" missing-branches="735,736" number="734"/>
						<line hits="0" number="735"/>
						<line hits="0" number="736"/>
						<line branch="true" condition-coverage="0% (0/2)" hits="0" missing-branches="738,740" number="737"/>
						<line branch="true" condition-coverage="0% (0/2)" hits="0" missing-branches="737,739" number="738"/>
						<line hits="0" number="739"/>
						<line hits="0" number="740"/>
						<line hits="0" number="742"/>
						<line hits="0" number="743"/>
						<line hits="0" number="745"/>
						<line hits="0" number="748"/>
						<line hits="0" number="749"/>
						<line hits="0" number="750"/>
						<line hits="0" number="751"/>
						<line branch="true" condition-coverage="0% (0/2)" hits="0" missing-branches="755,757" number="754"/>
						<line hits="0" number="755"/>
						<line branch="true" condition-coverage="0% (0/2)" hits="0" missing-branches="758,760" number="757"/>
						<line hits="0" number="758"/>
						<line hits="0" number="760"/>
						<line hits="0" number="762"/>
						<line branch="true" condition-coverage="0% (0/2)" hits="0" missing-branches="764,769" number="763"/>
						<line hits="0" number="764"/>
						<line hits="0" number="765"/>
						<line hits="0" number="766"/>
						<line hits="0" number="769"/>
						<line hits="0" number="770"/>
						<line hits="0" number="771"/>
						<line hits="0" number="773"/>
						<line hits="0" number="774"/>
						<line hits="0" number="778"/>
						<line hits="0" number="779"/>
						<line branch="true" condition-coverage="0% (0/2)" hits="0" missing-branches="781,782" number="780"/>
						<line hits="0" number="781"/>
						<line hits="0" number="782"/>
						<line hits="0" number="786"/>
						<line hits="0" number="787"/>
						<line branch="true" condition-coverage="0% (0/2)" hits="0" missing-branches="797,798" number="796"/>
						<line hits="0" number="797"/>
						<line hits="0" number="798"/>
						<line hits="0" number="799"/>
						<line hits="0" number="800"/>
						<line branch="true" condition-coverage="0% (0/2)" hits="0" missing-branches="804,824" number="803"/>
						<line hits="0" number="804"/>
						<line hits="0" number="805"/>
						<line hits="0" number="806"/>
						<line hits="0" number="807"/>
						<line hits="0" number="808"/>
						<line hits="0" number="811"/>
						<line hits="0" number="812"/>
						<line branch="true" condition-coverage="0% (0/2)" hits="0" missing-branches="818,819" number="817"/>
						<line hits="0" number="818"/>
						<line hits="0" number="819"/>
						<line hits="0" number="820"/>
						<line hits="0" number="821"/>
						<line hits="0" number="824"/>
						<line branch="true" condition-coverage="0% (0/2)" hits="0" missing-branches="826,828" number="825"/>
						<line hits="0" number="826"/>
						<line hits="0" number="828"/>
						<line hits="0" number="831"/>
						<line hits="0" number="839"/>
						<line hits="0" number="841"/>
						<line hits="0" number="842"/>
						<line hits="0" number="844"/>
						<line hits="0" number="850"/>
						<line hits="0" number="851"/>
						<line branch="true" condition-coverage="0% (0/2)" hits="0" missing-branches="853,854" number="852"/>
						<line hits="0" number="853"/>
						<line hits="0" number="854"/>
						<line hits="0" number="855"/>
						<line hits="0" number="857"/>
						<line hits="0" number="865"/>
						<line hits="0" number="867"/>
						<line branch="true" condition-coverage="0% (0/2)" hits="0" missing-branches="869,871" number="868"/>
						<line hits="0" number="869"/>
						<line hits="0" number="871"/>
						<line hits="0" number="873"/>
						<line hits="0" number="874"/>
						<line branch="true" condition-coverage="0% (0/2)" hits="0" missing-branches="876,880" number="875"/>
						<line hits="0" number="876"/>
						<line hits="0" number="880"/>
						<line hits="0" number="883"/>
						<line hits="0" number="884"/>
						<line branch="true" condition-coverage="0% (0/2)" hits="0" missing-branches="887,889" number="885"/>
						<line hits="0" number="887"/>
						<line hits="0" number="888"/>
						<line hits="0" number="889"/>
						<line hits="0" number="893"/>
						<line branch="true" condition-coverage="0% (0/2)" hits="0" missing-branches="exit,895" number="894"/>
						<line hits="0" number="895"/>
						<line hits="0" number="896"/>
					</lines>
				</class>
			</classes>
		</package>
	</packages>
</coverage>
